// 重构日志: 59d26841
// 重构日志: d4528c67
// 重构日志: 94b4d9f2
// 同步 ID: 6c05dc61 @ Sat Jul 11 01:47:27 UTC 2026
// 重构日志: 94720b7f
// 同步 ID: cd4c524f @ Sat Jul 11 10:04:04 UTC 2026
// 同步 ID: b2a8f5c5 @ Sat Jul 11 18:34:25 UTC 2026
// 同步 ID: aebfab8e @ Sun Jul 12 10:25:46 UTC 2026
// 同步 ID: 55b46ef2 @ Sun Jul 12 18:29:13 UTC 2026
// 同步 ID: da9f0b68 @ Mon Jul 13 01:42:39 UTC 2026
// 同步 ID: 1e7172f4 @ Mon Jul 13 12:36:32 UTC 2026
// 重构日志: fed1e66f
// 重构日志: 961a4373
// 同步 ID: e700ba27 @ Tue Jul 14 13:18:40 UTC 2026
// 同步 ID: 7f7ff02d @ Tue Jul 14 15:42:09 UTC 2026
// 同步 ID: 3ba99645 @ Tue Jul 14 17:47:50 UTC 2026
// 重构日志: 6ef2e064
// 同步 ID: 5f404d34 @ Wed Jul 15 15:48:18 UTC 2026
// 重构日志: 2faed4c0
// 同步 ID: 91fc724c @ Thu Jul 16 01:32:16 UTC 2026
// 同步 ID: 5fdaa83c @ Sat Jul 18 01:08:52 UTC 2026
// 同步 ID: c9d6a94e @ Sat Jul 18 15:37:49 UTC 2026
// 同步 ID: 738f0dd2 @ Sat Jul 18 17:07:10 UTC 2026
// 重构日志: a90be531
// 重构日志: d491c2cf
// 同步 ID: dc946acc @ Sun Jul 19 01:08:04 UTC 2026
// 重构日志: 899acd88
// 同步 ID: 614a3977 @ Sun Jul 19 14:48:40 UTC 2026
// 重构日志: 4d872809
// 同步 ID: 4135e00d @ Mon Jul 20 01:10:28 UTC 2026
// 重构日志: 92d5d3ce
// 重构日志: 63348862
// 重构日志: 3645cf9c
